{"numFailedTestSuites":0,"numFailedTests":0,"numPassedTestSuites":19,"numPassedTests":94,"numPendingTestSuites":0,"numPendingTests":0,"numRuntimeErrorTestSuites":0,"numTodoTests":0,"numTotalTestSuites":19,"numTotalTests":94,"openHandles":[],"snapshot":{"added":0,"didUpdate":false,"failure":false,"filesAdded":0,"filesRemoved":0,"filesRemovedList":[],"filesUnmatched":0,"filesUpdated":0,"matched":0,"total":0,"unchecked":0,"uncheckedKeysByFile":[],"unmatched":0,"updated":0},"startTime":1644311390845,"success":true,"testResults":[{"assertionResults":[{"ancestorTitles":["PaginationListAtom.vue"],"failureMessages":[],"fullName":"PaginationListAtom.vue should have active element page 2","location":null,"status":"passed","title":"should have active element page 2"}],"endTime":1644311399577,"message":"","name":"C:\\Users\\pdrzewicki\\Desktop\\projects\\webonweb\\boilerplate\\panel\\src\\atomic\\atoms\\PaginationListAtom\\paginationListAtom.spec.ts","startTime":1644311393965,"status":"passed","summary":""},{"assertionResults":[{"ancestorTitles":["TextareaAtom.vue"],"failureMessages":[],"fullName":"TextareaAtom.vue should have defualt class TextareaAtom--default","location":null,"status":"passed","title":"should have defualt class TextareaAtom--default"},{"ancestorTitles":["TextareaAtom.vue"],"failureMessages":[],"fullName":"TextareaAtom.vue should have class - TextareaAtom--error","location":null,"status":"passed","title":"should have class - TextareaAtom--error"},{"ancestorTitles":["TextareaAtom.vue"],"failureMessages":[],"fullName":"TextareaAtom.vue should have class - TextareaAtom--default","location":null,"status":"passed","title":"should have class - TextareaAtom--default"},{"ancestorTitles":["TextareaAtom.vue"],"failureMessages":[],"fullName":"TextareaAtom.vue should have class - TextareaAtom--success","location":null,"status":"passed","title":"should have class - TextareaAtom--success"},{"ancestorTitles":["TextareaAtom.vue"],"failureMessages":[],"fullName":"TextareaAtom.vue should have class - TextareaAtom--disabled","location":null,"status":"passed","title":"should have class - TextareaAtom--disabled"},{"ancestorTitles":["TextareaAtom.vue"],"failureMessages":[],"fullName":"TextareaAtom.vue should have placeholder - 'test' when props placeholder set","location":null,"status":"passed","title":"should have placeholder - 'test' when props placeholder set"},{"ancestorTitles":["TextareaAtom.vue"],"failureMessages":[],"fullName":"TextareaAtom.vue should have input disabled when props inputType set on disabled","location":null,"status":"passed","title":"should have input disabled when props inputType set on disabled"}],"endTime":1644311399607,"message":"","name":"C:\\Users\\pdrzewicki\\Desktop\\projects\\webonweb\\boilerplate\\panel\\src\\atomic\\atoms\\TextAreaAtom\\textareaAtom.spec.ts","startTime":1644311393978,"status":"passed","summary":""},{"assertionResults":[{"ancestorTitles":["PageListSizerAtom.vue"],"failureMessages":[],"fullName":"PageListSizerAtom.vue should have defualt size element item 10","location":null,"status":"passed","title":"should have defualt size element item 10"},{"ancestorTitles":["PageListSizerAtom.vue"],"failureMessages":[],"fullName":"PageListSizerAtom.vue should have defualt size element item 25","location":null,"status":"passed","title":"should have defualt size element item 25"},{"ancestorTitles":["PageListSizerAtom.vue"],"failureMessages":[],"fullName":"PageListSizerAtom.vue should have defualt size element item 50","location":null,"status":"passed","title":"should have defualt size element item 50"},{"ancestorTitles":["PageListSizerAtom.vue"],"failureMessages":[],"fullName":"PageListSizerAtom.vue should have defualt size element item 100","location":null,"status":"passed","title":"should have defualt size element item 100"},{"ancestorTitles":["PageListSizerAtom.vue"],"failureMessages":[],"fullName":"PageListSizerAtom.vue should have one element options 10","location":null,"status":"passed","title":"should have one element options 10"},{"ancestorTitles":["PageListSizerAtom.vue"],"failureMessages":[],"fullName":"PageListSizerAtom.vue should have active element option size 50","location":null,"status":"passed","title":"should have active element option size 50"}],"endTime":1644311399621,"message":"","name":"C:\\Users\\pdrzewicki\\Desktop\\projects\\webonweb\\boilerplate\\panel\\src\\atomic\\atoms\\PageListSizerAtom\\pageListSizeAtom.spec.ts","startTime":1644311393981,"status":"passed","summary":""},{"assertionResults":[{"ancestorTitles":["IconAtom.vue"],"failureMessages":[],"fullName":"IconAtom.vue should have class - IconAtom--default","location":null,"status":"passed","title":"should have class - IconAtom--default"},{"ancestorTitles":["IconAtom.vue"],"failureMessages":[],"fullName":"IconAtom.vue should not have class - IconAtom--default when props color set","location":null,"status":"passed","title":"should not have class - IconAtom--default when props color set"}],"endTime":1644311399645,"message":"","name":"C:\\Users\\pdrzewicki\\Desktop\\projects\\webonweb\\boilerplate\\panel\\src\\atomic\\atoms\\IconAtom\\iconAtom.spec.ts","startTime":1644311393966,"status":"passed","summary":""},{"assertionResults":[{"ancestorTitles":["MenuMolecule.vue"],"failureMessages":[],"fullName":"MenuMolecule.vue should have not defualt class horizontal","location":null,"status":"passed","title":"should have not defualt class horizontal"},{"ancestorTitles":["MenuMolecule.vue"],"failureMessages":[],"fullName":"MenuMolecule.vue should have class horizontal","location":null,"status":"passed","title":"should have class horizontal"},{"ancestorTitles":["MenuMolecule.vue"],"failureMessages":[],"fullName":"MenuMolecule.vue should have class vertical","location":null,"status":"passed","title":"should have class vertical"},{"ancestorTitles":["MenuMolecule.vue"],"failureMessages":[],"fullName":"MenuMolecule.vue should have not visible icon","location":null,"status":"passed","title":"should have not visible icon"},{"ancestorTitles":["MenuMolecule.vue"],"failureMessages":[],"fullName":"MenuMolecule.vue should have active element home when props activeKey is set","location":null,"status":"passed","title":"should have active element home when props activeKey is set"}],"endTime":1644311399699,"message":"","name":"C:\\Users\\pdrzewicki\\Desktop\\projects\\webonweb\\boilerplate\\panel\\src\\atomic\\molecules\\MenuMolecule\\menuMolecule.spec.ts","startTime":1644311394004,"status":"passed","summary":""},{"assertionResults":[{"ancestorTitles":["PasswordAtom.vue"],"failureMessages":[],"fullName":"PasswordAtom.vue should have defualt class PasswordAtom--default","location":null,"status":"passed","title":"should have defualt class PasswordAtom--default"},{"ancestorTitles":["PasswordAtom.vue"],"failureMessages":[],"fullName":"PasswordAtom.vue should have class - PasswordAtom--error","location":null,"status":"passed","title":"should have class - PasswordAtom--error"},{"ancestorTitles":["PasswordAtom.vue"],"failureMessages":[],"fullName":"PasswordAtom.vue should have class - PasswordAtom--default","location":null,"status":"passed","title":"should have class - PasswordAtom--default"},{"ancestorTitles":["PasswordAtom.vue"],"failureMessages":[],"fullName":"PasswordAtom.vue should have class - PasswordAtom--success","location":null,"status":"passed","title":"should have class - PasswordAtom--success"},{"ancestorTitles":["PasswordAtom.vue"],"failureMessages":[],"fullName":"PasswordAtom.vue should have class - PasswordAtom--disabled","location":null,"status":"passed","title":"should have class - PasswordAtom--disabled"},{"ancestorTitles":["PasswordAtom.vue"],"failureMessages":[],"fullName":"PasswordAtom.vue should have type text of input when click eye icon","location":null,"status":"passed","title":"should have type text of input when click eye icon"}],"endTime":1644311399778,"message":"","name":"C:\\Users\\pdrzewicki\\Desktop\\projects\\webonweb\\boilerplate\\panel\\src\\atomic\\atoms\\PasswordAtom\\passwordAtom.spec.ts","startTime":1644311394029,"status":"passed","summary":""},{"assertionResults":[{"ancestorTitles":["FormItemMolecule.vue"],"failureMessages":[],"fullName":"FormItemMolecule.vue should have not visible label when label props not set","location":null,"status":"passed","title":"should have not visible label when label props not set"},{"ancestorTitles":["FormItemMolecule.vue"],"failureMessages":[],"fullName":"FormItemMolecule.vue should have set label 'test' when props label set","location":null,"status":"passed","title":"should have set label 'test' when props label set"},{"ancestorTitles":["FormItemMolecule.vue"],"failureMessages":[],"fullName":"FormItemMolecule.vue should have not visible error when errorMessage props not set","location":null,"status":"passed","title":"should have not visible error when errorMessage props not set"},{"ancestorTitles":["FormItemMolecule.vue"],"failureMessages":[],"fullName":"FormItemMolecule.vue should have set error message 'test' when props errorMessage set","location":null,"status":"passed","title":"should have set error message 'test' when props errorMessage set"},{"ancestorTitles":["FormItemMolecule.vue"],"failureMessages":[],"fullName":"FormItemMolecule.vue should have set error message lable set class FormItemMolecule__label--error","location":null,"status":"passed","title":"should have set error message lable set class FormItemMolecule__label--error"}],"endTime":1644311400325,"message":"","name":"C:\\Users\\pdrzewicki\\Desktop\\projects\\webonweb\\boilerplate\\panel\\src\\atomic\\molecules\\FormItemMolecule\\formItemMolecule.spec.ts","startTime":1644311399651,"status":"passed","summary":""},{"assertionResults":[{"ancestorTitles":["CardAtom.vue"],"failureMessages":[],"fullName":"CardAtom.vue should have class - CardAtom--primary","location":null,"status":"passed","title":"should have class - CardAtom--primary"},{"ancestorTitles":["CardAtom.vue"],"failureMessages":[],"fullName":"CardAtom.vue should have class - CardAtom--info","location":null,"status":"passed","title":"should have class - CardAtom--info"},{"ancestorTitles":["CardAtom.vue"],"failureMessages":[],"fullName":"CardAtom.vue should have class - CardAtom--error","location":null,"status":"passed","title":"should have class - CardAtom--error"},{"ancestorTitles":["CardAtom.vue"],"failureMessages":[],"fullName":"CardAtom.vue should have class - CardAtom--default","location":null,"status":"passed","title":"should have class - CardAtom--default"},{"ancestorTitles":["CardAtom.vue"],"failureMessages":[],"fullName":"CardAtom.vue should have class - CardAtom--warning","location":null,"status":"passed","title":"should have class - CardAtom--warning"},{"ancestorTitles":["CardAtom.vue"],"failureMessages":[],"fullName":"CardAtom.vue should have class - CardAtom--primary","location":null,"status":"passed","title":"should have class - CardAtom--primary"},{"ancestorTitles":["CardAtom.vue"],"failureMessages":[],"fullName":"CardAtom.vue should have not header when props title or description not exists","location":null,"status":"passed","title":"should have not header when props title or description not exists"},{"ancestorTitles":["CardAtom.vue"],"failureMessages":[],"fullName":"CardAtom.vue should have title - 'test' when props cardTitle set","location":null,"status":"passed","title":"should have title - 'test' when props cardTitle set"},{"ancestorTitles":["CardAtom.vue"],"failureMessages":[],"fullName":"CardAtom.vue should have description - 'test' when props cardDescription set","location":null,"status":"passed","title":"should have description - 'test' when props cardDescription set"}],"endTime":1644311400346,"message":"","name":"C:\\Users\\pdrzewicki\\Desktop\\projects\\webonweb\\boilerplate\\panel\\src\\atomic\\atoms\\CardAtom\\cardAtom.spec.ts","startTime":1644311399634,"status":"passed","summary":""},{"assertionResults":[{"ancestorTitles":["InputAtom.vue"],"failureMessages":[],"fullName":"InputAtom.vue should have defualt class InputAtom--default","location":null,"status":"passed","title":"should have defualt class InputAtom--default"},{"ancestorTitles":["InputAtom.vue"],"failureMessages":[],"fullName":"InputAtom.vue should have class - InputAtom--error","location":null,"status":"passed","title":"should have class - InputAtom--error"},{"ancestorTitles":["InputAtom.vue"],"failureMessages":[],"fullName":"InputAtom.vue should have class - InputAtom--default","location":null,"status":"passed","title":"should have class - InputAtom--default"},{"ancestorTitles":["InputAtom.vue"],"failureMessages":[],"fullName":"InputAtom.vue should have class - InputAtom--success","location":null,"status":"passed","title":"should have class - InputAtom--success"},{"ancestorTitles":["InputAtom.vue"],"failureMessages":[],"fullName":"InputAtom.vue should have class - InputAtom--disabled","location":null,"status":"passed","title":"should have class - InputAtom--disabled"},{"ancestorTitles":["InputAtom.vue"],"failureMessages":[],"fullName":"InputAtom.vue should have placeholder - 'test' when props placeholder set","location":null,"status":"passed","title":"should have placeholder - 'test' when props placeholder set"},{"ancestorTitles":["InputAtom.vue"],"failureMessages":[],"fullName":"InputAtom.vue should have input disabled when props inputType set on disabled","location":null,"status":"passed","title":"should have input disabled when props inputType set on disabled"}],"endTime":1644311400358,"message":"","name":"C:\\Users\\pdrzewicki\\Desktop\\projects\\webonweb\\boilerplate\\panel\\src\\atomic\\atoms\\InputAtom\\inputAtom.spec.ts","startTime":1644311399672,"status":"passed","summary":""},{"assertionResults":[{"ancestorTitles":["ModalWindowAtom.vue"],"failureMessages":[],"fullName":"ModalWindowAtom.vue should have not header when props title or description not exists","location":null,"status":"passed","title":"should have not header when props title or description not exists"},{"ancestorTitles":["ModalWindowAtom.vue"],"failureMessages":[],"fullName":"ModalWindowAtom.vue should have title - 'test' when props modalTitle set","location":null,"status":"passed","title":"should have title - 'test' when props modalTitle set"},{"ancestorTitles":["ModalWindowAtom.vue"],"failureMessages":[],"fullName":"ModalWindowAtom.vue should have description - 'test' when props modalDescription set","location":null,"status":"passed","title":"should have description - 'test' when props modalDescription set"}],"endTime":1644311400375,"message":"","name":"C:\\Users\\pdrzewicki\\Desktop\\projects\\webonweb\\boilerplate\\panel\\src\\atomic\\atoms\\ModalWindowAtom\\modalWindowAtom.spec.ts","startTime":1644311399693,"status":"passed","summary":""},{"assertionResults":[{"ancestorTitles":["HeaderPageAtom.vue"],"failureMessages":[],"fullName":"HeaderPageAtom.vue should have not header when props title or description not exists","location":null,"status":"passed","title":"should have not header when props title or description not exists"},{"ancestorTitles":["HeaderPageAtom.vue"],"failureMessages":[],"fullName":"HeaderPageAtom.vue should have title - 'test' when props headerTitle set","location":null,"status":"passed","title":"should have title - 'test' when props headerTitle set"},{"ancestorTitles":["HeaderPageAtom.vue"],"failureMessages":[],"fullName":"HeaderPageAtom.vue should have description - 'test' when props headerDescription set","location":null,"status":"passed","title":"should have description - 'test' when props headerDescription set"}],"endTime":1644311400444,"message":"","name":"C:\\Users\\pdrzewicki\\Desktop\\projects\\webonweb\\boilerplate\\panel\\src\\atomic\\atoms\\HeaderPageAtom\\headerPageAtom.spec.ts","startTime":1644311399742,"status":"passed","summary":""},{"assertionResults":[{"ancestorTitles":["CheckboxAtom.vue"],"failureMessages":[],"fullName":"CheckboxAtom.vue should have defualt class CheckboxAtom__input--default","location":null,"status":"passed","title":"should have defualt class CheckboxAtom__input--default"},{"ancestorTitles":["CheckboxAtom.vue"],"failureMessages":[],"fullName":"CheckboxAtom.vue should have class - InputAtom--error","location":null,"status":"passed","title":"should have class - InputAtom--error"},{"ancestorTitles":["CheckboxAtom.vue"],"failureMessages":[],"fullName":"CheckboxAtom.vue should have class - InputAtom--default","location":null,"status":"passed","title":"should have class - InputAtom--default"},{"ancestorTitles":["CheckboxAtom.vue"],"failureMessages":[],"fullName":"CheckboxAtom.vue should have class - InputAtom--success","location":null,"status":"passed","title":"should have class - InputAtom--success"},{"ancestorTitles":["CheckboxAtom.vue"],"failureMessages":[],"fullName":"CheckboxAtom.vue should have class - InputAtom--disabled","location":null,"status":"passed","title":"should have class - InputAtom--disabled"}],"endTime":1644311400620,"message":"","name":"C:\\Users\\pdrzewicki\\Desktop\\projects\\webonweb\\boilerplate\\panel\\src\\atomic\\atoms\\CheckboxAtom\\checkboxAtom.spec.ts","startTime":1644311399845,"status":"passed","summary":""},{"assertionResults":[{"ancestorTitles":["DividerAtom.vue"],"failureMessages":[],"fullName":"DividerAtom.vue should have visible lines when type is horizontal","location":null,"status":"passed","title":"should have visible lines when type is horizontal"},{"ancestorTitles":["DividerAtom.vue"],"failureMessages":[],"fullName":"DividerAtom.vue should have no visible right line and left line visible when type is vertical","location":null,"status":"passed","title":"should have no visible right line and left line visible when type is vertical"},{"ancestorTitles":["DividerAtom.vue"],"failureMessages":[],"fullName":"DividerAtom.vue should have class DividerAtom--vertical when type is vertical","location":null,"status":"passed","title":"should have class DividerAtom--vertical when type is vertical"},{"ancestorTitles":["DividerAtom.vue"],"failureMessages":[],"fullName":"DividerAtom.vue should have class DividerAtom--color when color is set","location":null,"status":"passed","title":"should have class DividerAtom--color when color is set"}],"endTime":1644311401191,"message":"","name":"C:\\Users\\pdrzewicki\\Desktop\\projects\\webonweb\\boilerplate\\panel\\src\\atomic\\atoms\\DividerAtom\\dividerAtom.spec.ts","startTime":1644311400396,"status":"passed","summary":""},{"assertionResults":[{"ancestorTitles":["ButtonAtom.vue"],"failureMessages":[],"fullName":"ButtonAtom.vue should have class - ButtonAtom--primary","location":null,"status":"passed","title":"should have class - ButtonAtom--primary"},{"ancestorTitles":["ButtonAtom.vue"],"failureMessages":[],"fullName":"ButtonAtom.vue should have class - ButtonAtom--info","location":null,"status":"passed","title":"should have class - ButtonAtom--info"},{"ancestorTitles":["ButtonAtom.vue"],"failureMessages":[],"fullName":"ButtonAtom.vue should have class - ButtonAtom--error","location":null,"status":"passed","title":"should have class - ButtonAtom--error"},{"ancestorTitles":["ButtonAtom.vue"],"failureMessages":[],"fullName":"ButtonAtom.vue should have class - ButtonAtom--default","location":null,"status":"passed","title":"should have class - ButtonAtom--default"},{"ancestorTitles":["ButtonAtom.vue"],"failureMessages":[],"fullName":"ButtonAtom.vue should have class - ButtonAtom--warning","location":null,"status":"passed","title":"should have class - ButtonAtom--warning"},{"ancestorTitles":["ButtonAtom.vue"],"failureMessages":[],"fullName":"ButtonAtom.vue should have class - ButtonAtom--primary","location":null,"status":"passed","title":"should have class - ButtonAtom--primary"},{"ancestorTitles":["ButtonAtom.vue"],"failureMessages":[],"fullName":"ButtonAtom.vue should have class - ButtonAtom--disabled","location":null,"status":"passed","title":"should have class - ButtonAtom--disabled"}],"endTime":1644311401185,"message":"","name":"C:\\Users\\pdrzewicki\\Desktop\\projects\\webonweb\\boilerplate\\panel\\src\\atomic\\atoms\\ButtonAtom\\buttonAtom.spec.ts","startTime":1644311400366,"status":"passed","summary":""},{"assertionResults":[{"ancestorTitles":["AlertAtom.vue"],"failureMessages":[],"fullName":"AlertAtom.vue should have not visible alert when title or description pros not set","location":null,"status":"passed","title":"should have not visible alert when title or description pros not set"},{"ancestorTitles":["AlertAtom.vue"],"failureMessages":[],"fullName":"AlertAtom.vue should have class - AlertAtom--success","location":null,"status":"passed","title":"should have class - AlertAtom--success"},{"ancestorTitles":["AlertAtom.vue"],"failureMessages":[],"fullName":"AlertAtom.vue should have class - AlertAtom--info","location":null,"status":"passed","title":"should have class - AlertAtom--info"},{"ancestorTitles":["AlertAtom.vue"],"failureMessages":[],"fullName":"AlertAtom.vue should have class - AlertAtom--error","location":null,"status":"passed","title":"should have class - AlertAtom--error"},{"ancestorTitles":["AlertAtom.vue"],"failureMessages":[],"fullName":"AlertAtom.vue should have class - AlertAtom--warning","location":null,"status":"passed","title":"should have class - AlertAtom--warning"},{"ancestorTitles":["AlertAtom.vue"],"failureMessages":[],"fullName":"AlertAtom.vue should have class - AlertAtom--success","location":null,"status":"passed","title":"should have class - AlertAtom--success"},{"ancestorTitles":["AlertAtom.vue"],"failureMessages":[],"fullName":"AlertAtom.vue should have title - 'test' when props alertTitle set","location":null,"status":"passed","title":"should have title - 'test' when props alertTitle set"},{"ancestorTitles":["AlertAtom.vue"],"failureMessages":[],"fullName":"AlertAtom.vue should have description - 'test' when props alertDescription set","location":null,"status":"passed","title":"should have description - 'test' when props alertDescription set"}],"endTime":1644311401215,"message":"","name":"C:\\Users\\pdrzewicki\\Desktop\\projects\\webonweb\\boilerplate\\panel\\src\\atomic\\atoms\\AlertAtom\\alertAtom.spec.ts","startTime":1644311400394,"status":"passed","summary":""},{"assertionResults":[{"ancestorTitles":["SpinnerAtom.vue"],"failureMessages":[],"fullName":"SpinnerAtom.vue should have not visible message when props not set","location":null,"status":"passed","title":"should have not visible message when props not set"},{"ancestorTitles":["SpinnerAtom.vue"],"failureMessages":[],"fullName":"SpinnerAtom.vue should have message test when props message set","location":null,"status":"passed","title":"should have message test when props message set"},{"ancestorTitles":["SpinnerAtom.vue"],"failureMessages":[],"fullName":"SpinnerAtom.vue should have visible when props isVisible to true","location":null,"status":"passed","title":"should have visible when props isVisible to true"},{"ancestorTitles":["SpinnerAtom.vue"],"failureMessages":[],"fullName":"SpinnerAtom.vue should have add class SpinnerAtom__content--visible when spinner props isVisible true","location":null,"status":"passed","title":"should have add class SpinnerAtom__content--visible when spinner props isVisible true"}],"endTime":1644311401226,"message":"","name":"C:\\Users\\pdrzewicki\\Desktop\\projects\\webonweb\\boilerplate\\panel\\src\\atomic\\atoms\\SpinnerAtom\\spinnerAtom.spec.ts","startTime":1644311400484,"status":"passed","summary":""},{"assertionResults":[{"ancestorTitles":["DropdownAtom.vue"],"failureMessages":[],"fullName":"DropdownAtom.vue should have on default overlayer hidden.","location":null,"status":"passed","title":"should have on default overlayer hidden."},{"ancestorTitles":["DropdownAtom.vue"],"failureMessages":[],"fullName":"DropdownAtom.vue should have show overlayer when click button","location":null,"status":"passed","title":"should have show overlayer when click button"},{"ancestorTitles":["DropdownAtom.vue"],"failureMessages":[],"fullName":"DropdownAtom.vue should have default left pisition overlayer","location":null,"status":"passed","title":"should have default left pisition overlayer"},{"ancestorTitles":["DropdownAtom.vue"],"failureMessages":[],"fullName":"DropdownAtom.vue should have right pisition overlayer","location":null,"status":"passed","title":"should have right pisition overlayer"}],"endTime":1644311401266,"message":"","name":"C:\\Users\\pdrzewicki\\Desktop\\projects\\webonweb\\boilerplate\\panel\\src\\atomic\\atoms\\DropdownAtom\\dropdownAtom.spec.ts","startTime":1644311394014,"status":"passed","summary":""},{"assertionResults":[{"ancestorTitles":["LogoAtom.vue"],"failureMessages":[],"fullName":"LogoAtom.vue should have not visible when image pros not set.","location":null,"status":"passed","title":"should have not visible when image pros not set."}],"endTime":1644311401364,"message":"","name":"C:\\Users\\pdrzewicki\\Desktop\\projects\\webonweb\\boilerplate\\panel\\src\\atomic\\atoms\\LogoAtom\\logoAtom.spec.ts","startTime":1644311400666,"status":"passed","summary":""},{"assertionResults":[{"ancestorTitles":["LinkAtom.vue"],"failureMessages":[],"fullName":"LinkAtom.vue should have class - LinkAtom--default","location":null,"status":"passed","title":"should have class - LinkAtom--default"},{"ancestorTitles":["LinkAtom.vue"],"failureMessages":[],"fullName":"LinkAtom.vue should have class - LinkAtom--info","location":null,"status":"passed","title":"should have class - LinkAtom--info"},{"ancestorTitles":["LinkAtom.vue"],"failureMessages":[],"fullName":"LinkAtom.vue should have class - LinkAtom--error","location":null,"status":"passed","title":"should have class - LinkAtom--error"},{"ancestorTitles":["LinkAtom.vue"],"failureMessages":[],"fullName":"LinkAtom.vue should have class - LinkAtom--default","location":null,"status":"passed","title":"should have class - LinkAtom--default"},{"ancestorTitles":["LinkAtom.vue"],"failureMessages":[],"fullName":"LinkAtom.vue should have class - LinkAtom--warning","location":null,"status":"passed","title":"should have class - LinkAtom--warning"},{"ancestorTitles":["LinkAtom.vue"],"failureMessages":[],"fullName":"LinkAtom.vue should have class - LinkAtom--primary","location":null,"status":"passed","title":"should have class - LinkAtom--primary"},{"ancestorTitles":["LinkAtom.vue"],"failureMessages":[],"fullName":"LinkAtom.vue should have class - LinkAtom--disabled","location":null,"status":"passed","title":"should have class - LinkAtom--disabled"}],"endTime":1644311406456,"message":"","name":"C:\\Users\\pdrzewicki\\Desktop\\projects\\webonweb\\boilerplate\\panel\\src\\atomic\\atoms\\LinkAtom\\linkAtom.spec.ts","startTime":1644311400413,"status":"passed","summary":""}],"wasInterrupted":false}